<?xml version="1.0" encoding="UTF-8"?>
<testsuite xmlns:xsi="http://www.w3.org/2001/XMLSchema-instance" xsi:noNamespaceSchemaLocation="https://maven.apache.org/surefire/maven-surefire-plugin/xsd/surefire-test-report-3.0.xsd" version="3.0" name="com.exemplo.treinos.RastreamentoTreinosBackendApplicationTests" time="1.446" tests="1" errors="0" skipped="0" failures="0">
  <properties>
[...]
</properties>
  <testcase name="contextLoads" classname="com.exemplo.treinos.RastreamentoTreinosBackendApplicationTests" time="0.408">
    <system-out><![CDATA[14:20:12.292 [main] INFO org.springframework.test.context.support.AnnotationConfigContextLoaderUtils -- Could not detect default configuration classes for test class [com.exemplo.treinos.RastreamentoTreinosBackendApplicationTests]: RastreamentoTreinosBackendApplicationTests does not declare any static, non-private, non-final, nested classes annotated with @Configuration.
14:20:12.335 [main] INFO org.springframework.boot.test.context.SpringBootTestContextBootstrapper -- Found @SpringBootConfiguration com.exemplo.treinos.RastreamentoTreinosBackendApplication for test class com.exemplo.treinos.RastreamentoTreinosBackendApplicationTests

  .   ____          _            __ _ _
 /\\ / ___'_ __ _ _(_)_ __  __ _ \ \ \ \
( ( )\___ | '_ | '_| | '_ \/ _` | \ \ \ \
 \\/  ___)| |_)| | | | | || (_| |  ) ) ) )
  '  |____| .__|_| |_|_| |_\__, | / / / /
 =========|_|==============|___/=/_/_/_/

 :: Spring Boot ::                (v3.3.5)

2024-10-31T14:20:12.569-03:00  INFO 4785 --- [rastreamento-treinos-backend] [           main] streamentoTreinosBackendApplicationTests : Starting RastreamentoTreinosBackendApplicationTests using Java 17.0.13 with PID 4785 (started by guilhermemendes in /Users/guilhermemendes/Documents/Projeto - Treinos)
2024-10-31T14:20:12.570-03:00  INFO 4785 --- [rastreamento-treinos-backend] [           main] streamentoTreinosBackendApplicationTests : No active profile set, falling back to 1 default profile: "default"
Logging initialized using 'class org.apache.ibatis.logging.stdout.StdOutImpl' adapter.
2024-10-31T14:20:13.246-03:00  INFO 4785 --- [rastreamento-treinos-backend] [           main] streamentoTreinosBackendApplicationTests : Started RastreamentoTreinosBackendApplicationTests in 0.852 seconds (process running for 1.252)
]]></system-out>
  </testcase>
</testsuite>